c:\users\alcmd\documents\dave class\proj2\x64\release\vc143.pdb
c:\users\alcmd\documents\dave class\proj2\x64\release\vec2.obj
c:\users\alcmd\documents\dave class\proj2\x64\release\main.obj
c:\users\alcmd\documents\dave class\proj2\x64\release\imgui_widgets.obj
c:\users\alcmd\documents\dave class\proj2\x64\release\imgui_tables.obj
c:\users\alcmd\documents\dave class\proj2\x64\release\imgui_draw.obj
c:\users\alcmd\documents\dave class\proj2\x64\release\imgui_demo.obj
c:\users\alcmd\documents\dave class\proj2\x64\release\imgui.obj
c:\users\alcmd\documents\dave class\proj2\x64\release\imgui-sfml.obj
c:\users\alcmd\documents\dave class\proj2\x64\release\game.obj
c:\users\alcmd\documents\dave class\proj2\x64\release\entitymanager.obj
c:\users\alcmd\documents\dave class\proj2\x64\release\entity.obj
c:\users\alcmd\documents\dave class\proj2\x64\release\proj2.ipdb
c:\users\alcmd\documents\dave class\proj2\x64\release\proj2.iobj
c:\users\alcmd\documents\dave class\proj2\x64\release\proj2.exe
c:\users\alcmd\documents\dave class\proj2\x64\release\proj2.pdb
c:\users\alcmd\documents\dave class\proj2\x64\release\jsoncpp.dll
c:\users\alcmd\documents\dave class\proj2\x64\release\proj2.tlog\cl.command.1.tlog
c:\users\alcmd\documents\dave class\proj2\x64\release\proj2.tlog\cl.items.tlog
c:\users\alcmd\documents\dave class\proj2\x64\release\proj2.tlog\cl.read.1.tlog
c:\users\alcmd\documents\dave class\proj2\x64\release\proj2.tlog\cl.write.1.tlog
c:\users\alcmd\documents\dave class\proj2\x64\release\proj2.tlog\link.command.1.tlog
c:\users\alcmd\documents\dave class\proj2\x64\release\proj2.tlog\link.read.1.tlog
c:\users\alcmd\documents\dave class\proj2\x64\release\proj2.tlog\link.write.1.tlog
c:\users\alcmd\documents\dave class\proj2\x64\release\proj2.tlog\link.write.2u.tlog
c:\users\alcmd\documents\dave class\proj2\x64\release\proj2.tlog\proj2.write.1u.tlog
