c:\users\alcmd\documents\dave class\proj2\x64\debug\vc143.pdb
c:\users\alcmd\documents\dave class\proj2\x64\debug\vc143.idb
c:\users\alcmd\documents\dave class\proj2\x64\debug\vec2.obj
c:\users\alcmd\documents\dave class\proj2\x64\debug\main.obj
c:\users\alcmd\documents\dave class\proj2\x64\debug\imgui_widgets.obj
c:\users\alcmd\documents\dave class\proj2\x64\debug\imgui_tables.obj
c:\users\alcmd\documents\dave class\proj2\x64\debug\imgui_draw.obj
c:\users\alcmd\documents\dave class\proj2\x64\debug\imgui_demo.obj
c:\users\alcmd\documents\dave class\proj2\x64\debug\imgui.obj
c:\users\alcmd\documents\dave class\proj2\x64\debug\imgui-sfml.obj
c:\users\alcmd\documents\dave class\proj2\x64\debug\game.obj
c:\users\alcmd\documents\dave class\proj2\x64\debug\entitymanager.obj
c:\users\alcmd\documents\dave class\proj2\x64\debug\entity.obj
c:\users\alcmd\documents\dave class\proj2\x64\debug\proj2.exe
c:\users\alcmd\documents\dave class\proj2\x64\debug\proj2.ilk
c:\users\alcmd\documents\dave class\proj2\x64\debug\proj2.pdb
c:\users\alcmd\documents\dave class\proj2\x64\debug\jsoncpp.dll
c:\users\alcmd\documents\dave class\proj2\x64\debug\proj2.tlog\cl.command.1.tlog
c:\users\alcmd\documents\dave class\proj2\x64\debug\proj2.tlog\cl.items.tlog
c:\users\alcmd\documents\dave class\proj2\x64\debug\proj2.tlog\cl.read.1.tlog
c:\users\alcmd\documents\dave class\proj2\x64\debug\proj2.tlog\cl.write.1.tlog
c:\users\alcmd\documents\dave class\proj2\x64\debug\proj2.tlog\link.command.1.tlog
c:\users\alcmd\documents\dave class\proj2\x64\debug\proj2.tlog\link.read.1.tlog
c:\users\alcmd\documents\dave class\proj2\x64\debug\proj2.tlog\link.write.1.tlog
c:\users\alcmd\documents\dave class\proj2\x64\debug\proj2.tlog\proj2.write.1u.tlog
